# Images found: 404453
# Images found: 404453
Variable containing:
1.00000e-02 *
  4.1956
[torch.cuda.FloatTensor of size 1 (GPU 0)]

Variable containing:
1.00000e-02 *
  6.4286
[torch.cuda.FloatTensor of size 1 (GPU 0)]

Variable containing:
1.00000e-02 *
  3.7729
[torch.cuda.FloatTensor of size 1 (GPU 0)]

Variable containing:
 0.1276
[torch.cuda.FloatTensor of size 1 (GPU 0)]

Variable containing:
1.00000e-02 *
  5.9644
[torch.cuda.FloatTensor of size 1 (GPU 0)]

Variable containing:
1.00000e-02 *
  2.3008
[torch.cuda.FloatTensor of size 1 (GPU 0)]

Variable containing:
1.00000e-02 *
  5.0794
[torch.cuda.FloatTensor of size 1 (GPU 0)]

Variable containing:
1.00000e-02 *
  3.1106
[torch.cuda.FloatTensor of size 1 (GPU 0)]

Variable containing:
1.00000e-02 *
  8.2889
[torch.cuda.FloatTensor of size 1 (GPU 0)]

Variable containing:
1.00000e-02 *
  2.1910
[torch.cuda.FloatTensor of size 1 (GPU 0)]

Variable containing:
1.00000e-02 *
  1.3767
[torch.cuda.FloatTensor of size 1 (GPU 0)]

Variable containing:
1.00000e-02 *
  2.0466
[torch.cuda.FloatTensor of size 1 (GPU 0)]

Variable containing:
1.00000e-02 *
  8.9705
[torch.cuda.FloatTensor of size 1 (GPU 0)]

Variable containing:
1.00000e-02 *
  1.7688
[torch.cuda.FloatTensor of size 1 (GPU 0)]

Variable containing:
1.00000e-02 *
  2.5644
[torch.cuda.FloatTensor of size 1 (GPU 0)]

Variable containing:
1.00000e-02 *
  1.5258
[torch.cuda.FloatTensor of size 1 (GPU 0)]

Variable containing:
1.00000e-02 *
  1.9618
[torch.cuda.FloatTensor of size 1 (GPU 0)]

Variable containing:
1.00000e-02 *
  1.5092
[torch.cuda.FloatTensor of size 1 (GPU 0)]

Variable containing:
1.00000e-02 *
  2.5991
[torch.cuda.FloatTensor of size 1 (GPU 0)]

Variable containing:
1.00000e-02 *
  2.4554
[torch.cuda.FloatTensor of size 1 (GPU 0)]

Variable containing:
1.00000e-02 *
  2.5416
[torch.cuda.FloatTensor of size 1 (GPU 0)]

Variable containing:
1.00000e-02 *
  1.9055
[torch.cuda.FloatTensor of size 1 (GPU 0)]

Variable containing:
1.00000e-02 *
  2.6358
[torch.cuda.FloatTensor of size 1 (GPU 0)]

Variable containing:
 0.1041
[torch.cuda.FloatTensor of size 1 (GPU 0)]

Variable containing:
1.00000e-02 *
  4.0962
[torch.cuda.FloatTensor of size 1 (GPU 0)]

Variable containing:
1.00000e-02 *
  5.0271
[torch.cuda.FloatTensor of size 1 (GPU 0)]

Variable containing:
1.00000e-02 *
  2.3061
[torch.cuda.FloatTensor of size 1 (GPU 0)]

Variable containing:
1.00000e-02 *
  2.4667
[torch.cuda.FloatTensor of size 1 (GPU 0)]

Variable containing:
1.00000e-02 *
  1.4573
[torch.cuda.FloatTensor of size 1 (GPU 0)]

Variable containing:
1.00000e-02 *
  2.5410
[torch.cuda.FloatTensor of size 1 (GPU 0)]

Variable containing:
1.00000e-02 *
  1.9205
[torch.cuda.FloatTensor of size 1 (GPU 0)]

Variable containing:
1.00000e-02 *
  4.2521
[torch.cuda.FloatTensor of size 1 (GPU 0)]

Variable containing:
1.00000e-02 *
  1.9729
[torch.cuda.FloatTensor of size 1 (GPU 0)]

Variable containing:
1.00000e-02 *
  5.2815
[torch.cuda.FloatTensor of size 1 (GPU 0)]

Variable containing:
1.00000e-02 *
  2.8396
[torch.cuda.FloatTensor of size 1 (GPU 0)]

Variable containing:
1.00000e-02 *
  4.4841
[torch.cuda.FloatTensor of size 1 (GPU 0)]

Variable containing:
1.00000e-02 *
  9.4381
[torch.cuda.FloatTensor of size 1 (GPU 0)]

Variable containing:
1.00000e-02 *
  5.0017
[torch.cuda.FloatTensor of size 1 (GPU 0)]

Variable containing:
 0.1753
[torch.cuda.FloatTensor of size 1 (GPU 0)]

Variable containing:
1.00000e-02 *
  3.5776
[torch.cuda.FloatTensor of size 1 (GPU 0)]

Variable containing:
1.00000e-02 *
  5.0538
[torch.cuda.FloatTensor of size 1 (GPU 0)]

Variable containing:
1.00000e-02 *
  3.6028
[torch.cuda.FloatTensor of size 1 (GPU 0)]

Variable containing:
1.00000e-02 *
  5.2065
[torch.cuda.FloatTensor of size 1 (GPU 0)]

Variable containing:
1.00000e-02 *
  3.6140
[torch.cuda.FloatTensor of size 1 (GPU 0)]

Variable containing:
1.00000e-02 *
  8.6690
[torch.cuda.FloatTensor of size 1 (GPU 0)]

Variable containing:
1.00000e-02 *
  9.6661
[torch.cuda.FloatTensor of size 1 (GPU 0)]

Variable containing:
1.00000e-02 *
  5.5657
[torch.cuda.FloatTensor of size 1 (GPU 0)]

Variable containing:
1.00000e-02 *
  7.3313
[torch.cuda.FloatTensor of size 1 (GPU 0)]

Variable containing:
1.00000e-02 *
  3.8217
[torch.cuda.FloatTensor of size 1 (GPU 0)]

Variable containing:
1.00000e-02 *
  6.3838
[torch.cuda.FloatTensor of size 1 (GPU 0)]

Variable containing:
1.00000e-02 *
  1.8765
[torch.cuda.FloatTensor of size 1 (GPU 0)]

Variable containing:
1.00000e-02 *
  4.4088
[torch.cuda.FloatTensor of size 1 (GPU 0)]

Variable containing:
1.00000e-02 *
  1.3754
[torch.cuda.FloatTensor of size 1 (GPU 0)]

Variable containing:
1.00000e-02 *
  2.4363
[torch.cuda.FloatTensor of size 1 (GPU 0)]

Variable containing:
1.00000e-02 *
  5.3165
[torch.cuda.FloatTensor of size 1 (GPU 0)]

Variable containing:
1.00000e-02 *
  2.0257
[torch.cuda.FloatTensor of size 1 (GPU 0)]

Variable containing:
1.00000e-02 *
  1.9142
[torch.cuda.FloatTensor of size 1 (GPU 0)]

Variable containing:
1.00000e-02 *
  5.7607
[torch.cuda.FloatTensor of size 1 (GPU 0)]

Variable containing:
1.00000e-02 *
  2.1584
[torch.cuda.FloatTensor of size 1 (GPU 0)]

Variable containing:
1.00000e-02 *
  4.4553
[torch.cuda.FloatTensor of size 1 (GPU 0)]

Variable containing:
 0.1361
[torch.cuda.FloatTensor of size 1 (GPU 0)]

Variable containing:
1.00000e-02 *
  8.0622
[torch.cuda.FloatTensor of size 1 (GPU 0)]

Variable containing:
1.00000e-02 *
  6.1891
[torch.cuda.FloatTensor of size 1 (GPU 0)]

Variable containing:
1.00000e-02 *
  6.4175
[torch.cuda.FloatTensor of size 1 (GPU 0)]

Variable containing:
1.00000e-03 *
  7.0857
[torch.cuda.FloatTensor of size 1 (GPU 0)]

Variable containing:
 0.1695
[torch.cuda.FloatTensor of size 1 (GPU 0)]

Variable containing:
1.00000e-02 *
  1.2459
[torch.cuda.FloatTensor of size 1 (GPU 0)]

Variable containing:
1.00000e-02 *
  2.9666
[torch.cuda.FloatTensor of size 1 (GPU 0)]

Variable containing:
1.00000e-02 *
  3.9347
[torch.cuda.FloatTensor of size 1 (GPU 0)]

Variable containing:
1.00000e-02 *
  2.8216
[torch.cuda.FloatTensor of size 1 (GPU 0)]

Variable containing:
1.00000e-02 *
  1.3377
[torch.cuda.FloatTensor of size 1 (GPU 0)]

Variable containing:
1.00000e-02 *
  5.2132
[torch.cuda.FloatTensor of size 1 (GPU 0)]

Variable containing:
 0.2109
[torch.cuda.FloatTensor of size 1 (GPU 0)]

Variable containing:
1.00000e-02 *
  3.1832
[torch.cuda.FloatTensor of size 1 (GPU 0)]

Variable containing:
1.00000e-02 *
  8.6407
[torch.cuda.FloatTensor of size 1 (GPU 0)]

Variable containing:
1.00000e-02 *
  5.6431
[torch.cuda.FloatTensor of size 1 (GPU 0)]

Variable containing:
1.00000e-02 *
  2.7574
[torch.cuda.FloatTensor of size 1 (GPU 0)]

Variable containing:
1.00000e-02 *
  3.6550
[torch.cuda.FloatTensor of size 1 (GPU 0)]

Variable containing:
1.00000e-02 *
  4.4422
[torch.cuda.FloatTensor of size 1 (GPU 0)]

Variable containing:
 0.1532
[torch.cuda.FloatTensor of size 1 (GPU 0)]

Variable containing:
1.00000e-02 *
  1.9811
[torch.cuda.FloatTensor of size 1 (GPU 0)]

Variable containing:
 0.1508
[torch.cuda.FloatTensor of size 1 (GPU 0)]

Variable containing:
1.00000e-02 *
  3.4127
[torch.cuda.FloatTensor of size 1 (GPU 0)]

Variable containing:
1.00000e-02 *
  5.0776
[torch.cuda.FloatTensor of size 1 (GPU 0)]

Variable containing:
1.00000e-02 *
  4.8172
[torch.cuda.FloatTensor of size 1 (GPU 0)]

Variable containing:
 0.1584
[torch.cuda.FloatTensor of size 1 (GPU 0)]

Variable containing:
1.00000e-02 *
  7.0360
[torch.cuda.FloatTensor of size 1 (GPU 0)]

Variable containing:
1.00000e-02 *
  3.6791
[torch.cuda.FloatTensor of size 1 (GPU 0)]

Variable containing:
1.00000e-02 *
  6.0354
[torch.cuda.FloatTensor of size 1 (GPU 0)]

Variable containing:
1.00000e-02 *
  5.0118
[torch.cuda.FloatTensor of size 1 (GPU 0)]

Variable containing:
1.00000e-02 *
  4.0037
[torch.cuda.FloatTensor of size 1 (GPU 0)]

Variable containing:
1.00000e-02 *
  3.4959
[torch.cuda.FloatTensor of size 1 (GPU 0)]

Variable containing:
1.00000e-02 *
  1.1690
[torch.cuda.FloatTensor of size 1 (GPU 0)]

Variable containing:
1.00000e-02 *
  1.4407
[torch.cuda.FloatTensor of size 1 (GPU 0)]

Variable containing:
1.00000e-02 *
  3.6148
[torch.cuda.FloatTensor of size 1 (GPU 0)]
THCudaCheck FAIL file=/opt/conda/conda-bld/pytorch_1503970438496/work/torch/lib/THC/generic/THCStorage.cu line=66 error=2 : out of memory
# Images found: 404453
# Images found: 404453
Traceback (most recent call last):
  File "main.py", line 114, in <module>
    inputs, labels= Variable(inputs.cuda()), Variable(labels.cuda())
  File "/home/pwz/miniconda3/lib/python3.6/site-packages/torch/_utils.py", line 66, in _cuda
    return new_type(self.size()).copy_(self, async)
RuntimeError: cuda runtime error (2) : out of memory at /opt/conda/conda-bld/pytorch_1503970438496/work/torch/lib/THC/generic/THCStorage.cu:66
THCudaCheck FAIL file=/opt/conda/conda-bld/pytorch_1503970438496/work/torch/lib/THC/generic/THCStorage.cu line=66 error=2 : out of memory
# Images found: 404453
# Images found: 404453
Traceback (most recent call last):
  File "main.py", line 114, in <module>
    inputs, labels= Variable(inputs.cuda()), Variable(labels.cuda())
  File "/home/pwz/miniconda3/lib/python3.6/site-packages/torch/_utils.py", line 66, in _cuda
    return new_type(self.size()).copy_(self, async)
RuntimeError: cuda runtime error (2) : out of memory at /opt/conda/conda-bld/pytorch_1503970438496/work/torch/lib/THC/generic/THCStorage.cu:66
THCudaCheck FAIL file=/opt/conda/conda-bld/pytorch_1503970438496/work/torch/lib/THC/generic/THCStorage.cu line=66 error=2 : out of memory
# Images found: 404453
# Images found: 404453
Traceback (most recent call last):
  File "main.py", line 121, in <module>
    output = net(inputs) # places output
  File "/home/pwz/miniconda3/lib/python3.6/site-packages/torch/nn/modules/module.py", line 224, in __call__
    result = self.forward(*input, **kwargs)
  File "/home/pwz/sambavol/3dreconstruction/model/reconNet.py", line 113, in forward
    x = self.decoding(x) # convert to 3D voxel distribution
  File "/home/pwz/miniconda3/lib/python3.6/site-packages/torch/nn/modules/module.py", line 224, in __call__
    result = self.forward(*input, **kwargs)
  File "/home/pwz/miniconda3/lib/python3.6/site-packages/torch/nn/modules/container.py", line 67, in forward
    input = module(input)
  File "/home/pwz/miniconda3/lib/python3.6/site-packages/torch/nn/modules/module.py", line 224, in __call__
    result = self.forward(*input, **kwargs)
  File "/home/pwz/miniconda3/lib/python3.6/site-packages/torch/nn/modules/conv.py", line 663, in forward
    output_padding, self.groups, self.dilation)
  File "/home/pwz/miniconda3/lib/python3.6/site-packages/torch/nn/functional.py", line 203, in conv_transpose3d
    return f(input, weight, bias)
RuntimeError: cuda runtime error (2) : out of memory at /opt/conda/conda-bld/pytorch_1503970438496/work/torch/lib/THC/generic/THCStorage.cu:66
